<?xml version="1.0" encoding="UTF-8"?>
<!-- Generated by org.testng.reporters.JUnitReportReporter -->
<testsuite hostname="Deepaks-MacBook-Air.local" failures="0" tests="2" name="com.demoproject.testCases.LeagueAndCupsPageTest" time="29.746" errors="0" timestamp="2022-11-17T15:12:17 IST" skipped="0">
  <testcase classname="com.demoproject.testCases.LeagueAndCupsPageTest" name="verifyLeagueAndCupsTitleTest" time="13.162"/>
  <system-out/>
  <testcase classname="com.demoproject.testCases.LeagueAndCupsPageTest" name="verifyPremierLeagueLinkTest" time="16.584"/>
  <system-out/>
</testsuite> <!-- com.demoproject.testCases.LeagueAndCupsPageTest -->
