<?xml version="1.0" encoding="UTF-8"?>
<!-- Generated by org.testng.reporters.JUnitReportReporter -->
<testsuite hostname="Deepaks-MacBook-Air.local" failures="0" tests="3" name="com.demoproject.testCases.PremierLeaguePageTest" time="71.519" errors="0" timestamp="2022-11-17T15:12:17 IST" skipped="0">
  <testcase classname="com.demoproject.testCases.PremierLeaguePageTest" name="verifyPremierLeaguePageTitle" time="15.515"/>
  <system-out/>
  <testcase classname="com.demoproject.testCases.PremierLeaguePageTest" name="verifyUpcomingFixturesList" time="30.249"/>
  <system-out/>
  <testcase classname="com.demoproject.testCases.PremierLeaguePageTest" name="verifyEasyGames" time="25.755"/>
  <system-out/>
</testsuite> <!-- com.demoproject.testCases.PremierLeaguePageTest -->
