<?xml version="1.0" encoding="UTF-8"?>
<!-- Generated by org.testng.reporters.JUnitReportReporter -->
<testsuite hostname="Deepaks-MacBook-Air.local" failures="0" tests="3" name="com.demoproject.testCases.PremierLeaguePageTest" time="65.592" errors="0" timestamp="2022-11-17T19:45:13 IST" skipped="1">
  <testcase classname="com.demoproject.testCases.PremierLeaguePageTest" name="verifyUpcomingFixturesList" time="37.310"/>
  <system-out/>
  <testcase classname="com.demoproject.testCases.PremierLeaguePageTest" name="verifyEasyGames" time="28.282"/>
  <system-out/>
  <testcase classname="com.demoproject.testCases.PremierLeaguePageTest" name="verifyPremierLeaguePageTitle">
    <skipped/>
  </testcase> <!-- verifyPremierLeaguePageTitle -->
  <system-out/>
</testsuite> <!-- com.demoproject.testCases.PremierLeaguePageTest -->
