<?xml version="1.0" encoding="UTF-8"?>
<!-- Generated by org.testng.reporters.JUnitReportReporter -->
<testsuite hostname="Deepaks-MacBook-Air.local" failures="0" tests="2" name="com.demoproject.testCases.FootballPageTest" time="24.853" errors="0" timestamp="2022-11-17T15:12:17 IST" skipped="0">
  <testcase classname="com.demoproject.testCases.FootballPageTest" name="verifyFootballPageTitleTest" time="11.326"/>
  <system-out/>
  <testcase classname="com.demoproject.testCases.FootballPageTest" name="verifyLeagueAndCupsMenuLink" time="13.527"/>
  <system-out/>
</testsuite> <!-- com.demoproject.testCases.FootballPageTest -->
